<?xml version="1.0" encoding="UTF-8"?>
<testsuite xmlns:xsi="http://www.w3.org/2001/XMLSchema-instance" xsi:noNamespaceSchemaLocation="https://maven.apache.org/surefire/maven-surefire-plugin/xsd/surefire-test-report-3.0.xsd" version="3.0" name="integration.LogBranchIntegrationTest" time="0.648" tests="171" errors="0" skipped="0" failures="0">
  <properties>
[...]
</properties>
  <testcase name="stage2_allLogReal(double)[1]" classname="integration.LogBranchIntegrationTest" time="0.03"/>
  <testcase name="stage2_allLogReal(double)[2]" classname="integration.LogBranchIntegrationTest" time="0.003"/>
  <testcase name="stage2_allLogReal(double)[3]" classname="integration.LogBranchIntegrationTest" time="0.003"/>
  <testcase name="stage2_allLogReal(double)[4]" classname="integration.LogBranchIntegrationTest" time="0.002"/>
  <testcase name="stage2_allLogReal(double)[5]" classname="integration.LogBranchIntegrationTest" time="0.002"/>
  <testcase name="stage2_allLogReal(double)[6]" classname="integration.LogBranchIntegrationTest" time="0.002"/>
  <testcase name="stage2_allLogReal(double)[7]" classname="integration.LogBranchIntegrationTest" time="0.002"/>
  <testcase name="stage2_allLogReal(double)[8]" classname="integration.LogBranchIntegrationTest" time="0.001"/>
  <testcase name="stage2_allLogReal(double)[9]" classname="integration.LogBranchIntegrationTest" time="0.002"/>
  <testcase name="stage2_allLogReal(double)[10]" classname="integration.LogBranchIntegrationTest" time="0.001"/>
  <testcase name="stage2_allLogReal(double)[11]" classname="integration.LogBranchIntegrationTest" time="0.002"/>
  <testcase name="stage2_allLogReal(double)[12]" classname="integration.LogBranchIntegrationTest" time="0.002"/>
  <testcase name="stage2_allLogReal(double)[13]" classname="integration.LogBranchIntegrationTest" time="0.002"/>
  <testcase name="stage2_allLogReal(double)[14]" classname="integration.LogBranchIntegrationTest" time="0.002"/>
  <testcase name="stage2_allLogReal(double)[15]" classname="integration.LogBranchIntegrationTest" time="0.001"/>
  <testcase name="stage2_allLogReal(double)[16]" classname="integration.LogBranchIntegrationTest" time="0.035"/>
  <testcase name="stage2_allLogReal(double)[17]" classname="integration.LogBranchIntegrationTest" time="0.02"/>
  <testcase name="stage2_allLogReal(double)[18]" classname="integration.LogBranchIntegrationTest" time="0.004"/>
  <testcase name="stage2_allLogReal(double)[19]" classname="integration.LogBranchIntegrationTest" time="0.002"/>
  <testcase name="stage2_allLogReal(double)[20]" classname="integration.LogBranchIntegrationTest" time="0.003"/>
  <testcase name="stage2_allLogReal(double)[21]" classname="integration.LogBranchIntegrationTest" time="0.002"/>
  <testcase name="stage2_allLogReal(double)[22]" classname="integration.LogBranchIntegrationTest" time="0.002"/>
  <testcase name="stage2_allLogReal(double)[23]" classname="integration.LogBranchIntegrationTest" time="0.003"/>
  <testcase name="stage2_allLogReal(double)[24]" classname="integration.LogBranchIntegrationTest" time="0.003"/>
  <testcase name="stage2_allLogReal(double)[25]" classname="integration.LogBranchIntegrationTest" time="0.002"/>
  <testcase name="stage2_allLogReal(double)[26]" classname="integration.LogBranchIntegrationTest" time="0.003"/>
  <testcase name="stage2_allLogReal(double)[27]" classname="integration.LogBranchIntegrationTest" time="0.002"/>
  <testcase name="stage2_allLogReal(double)[28]" classname="integration.LogBranchIntegrationTest" time="0.003"/>
  <testcase name="stage2_allLogReal(double)[29]" classname="integration.LogBranchIntegrationTest" time="0.002"/>
  <testcase name="stage2_allLogReal(double)[30]" classname="integration.LogBranchIntegrationTest" time="0.002"/>
  <testcase name="stage2_allLogReal(double)[31]" classname="integration.LogBranchIntegrationTest" time="0.002"/>
  <testcase name="stage2_allLogReal(double)[32]" classname="integration.LogBranchIntegrationTest" time="0.001"/>
  <testcase name="stage2_allLogReal(double)[33]" classname="integration.LogBranchIntegrationTest" time="0.001"/>
  <testcase name="stage2_allLogReal(double)[34]" classname="integration.LogBranchIntegrationTest" time="0.001"/>
  <testcase name="stage2_allLogReal(double)[35]" classname="integration.LogBranchIntegrationTest" time="0.002"/>
  <testcase name="stage2_allLogReal(double)[36]" classname="integration.LogBranchIntegrationTest" time="0.002"/>
  <testcase name="stage2_allLogReal(double)[37]" classname="integration.LogBranchIntegrationTest" time="0.001"/>
  <testcase name="stage2_allLogReal(double)[38]" classname="integration.LogBranchIntegrationTest" time="0.001"/>
  <testcase name="stage2_allLogReal(double)[39]" classname="integration.LogBranchIntegrationTest" time="0.001"/>
  <testcase name="stage2_allLogReal(double)[40]" classname="integration.LogBranchIntegrationTest" time="0.001"/>
  <testcase name="stage2_allLogReal(double)[41]" classname="integration.LogBranchIntegrationTest" time="0.001"/>
  <testcase name="stage2_allLogReal(double)[42]" classname="integration.LogBranchIntegrationTest" time="0.001"/>
  <testcase name="stage2_allLogReal(double)[43]" classname="integration.LogBranchIntegrationTest" time="0.001"/>
  <testcase name="stage2_allLogReal(double)[44]" classname="integration.LogBranchIntegrationTest" time="0.002"/>
  <testcase name="stage2_allLogReal(double)[45]" classname="integration.LogBranchIntegrationTest" time="0.001"/>
  <testcase name="stage2_allLogReal(double)[46]" classname="integration.LogBranchIntegrationTest" time="0.001"/>
  <testcase name="stage2_allLogReal(double)[47]" classname="integration.LogBranchIntegrationTest" time="0.002"/>
  <testcase name="stage2_allLogReal(double)[48]" classname="integration.LogBranchIntegrationTest" time="0.001"/>
  <testcase name="stage2_allLogReal(double)[49]" classname="integration.LogBranchIntegrationTest" time="0.002"/>
  <testcase name="stage2_allLogReal(double)[50]" classname="integration.LogBranchIntegrationTest" time="0.001"/>
  <testcase name="stage2_allLogReal(double)[51]" classname="integration.LogBranchIntegrationTest" time="0.001"/>
  <testcase name="stage2_allLogReal(double)[52]" classname="integration.LogBranchIntegrationTest" time="0.001"/>
  <testcase name="stage2_allLogReal(double)[53]" classname="integration.LogBranchIntegrationTest" time="0.001"/>
  <testcase name="stage2_allLogReal(double)[54]" classname="integration.LogBranchIntegrationTest" time="0.002"/>
  <testcase name="stage2_allLogReal(double)[55]" classname="integration.LogBranchIntegrationTest" time="0.002"/>
  <testcase name="stage2_allLogReal(double)[56]" classname="integration.LogBranchIntegrationTest" time="0.002"/>
  <testcase name="stage2_allLogReal(double)[57]" classname="integration.LogBranchIntegrationTest" time="0.001"/>
  <testcase name="stage1_log2AndLog3Real(double)[1]" classname="integration.LogBranchIntegrationTest" time="0.002"/>
  <testcase name="stage1_log2AndLog3Real(double)[2]" classname="integration.LogBranchIntegrationTest" time="0.002"/>
  <testcase name="stage1_log2AndLog3Real(double)[3]" classname="integration.LogBranchIntegrationTest" time="0.002"/>
  <testcase name="stage1_log2AndLog3Real(double)[4]" classname="integration.LogBranchIntegrationTest" time="0.002"/>
  <testcase name="stage1_log2AndLog3Real(double)[5]" classname="integration.LogBranchIntegrationTest" time="0.002"/>
  <testcase name="stage1_log2AndLog3Real(double)[6]" classname="integration.LogBranchIntegrationTest" time="0.002"/>
  <testcase name="stage1_log2AndLog3Real(double)[7]" classname="integration.LogBranchIntegrationTest" time="0.002"/>
  <testcase name="stage1_log2AndLog3Real(double)[8]" classname="integration.LogBranchIntegrationTest" time="0.002"/>
  <testcase name="stage1_log2AndLog3Real(double)[9]" classname="integration.LogBranchIntegrationTest" time="0.002"/>
  <testcase name="stage1_log2AndLog3Real(double)[10]" classname="integration.LogBranchIntegrationTest" time="0.003"/>
  <testcase name="stage1_log2AndLog3Real(double)[11]" classname="integration.LogBranchIntegrationTest" time="0.002"/>
  <testcase name="stage1_log2AndLog3Real(double)[12]" classname="integration.LogBranchIntegrationTest" time="0.002"/>
  <testcase name="stage1_log2AndLog3Real(double)[13]" classname="integration.LogBranchIntegrationTest" time="0.002"/>
  <testcase name="stage1_log2AndLog3Real(double)[14]" classname="integration.LogBranchIntegrationTest" time="0.001"/>
  <testcase name="stage1_log2AndLog3Real(double)[15]" classname="integration.LogBranchIntegrationTest" time="0.002"/>
  <testcase name="stage1_log2AndLog3Real(double)[16]" classname="integration.LogBranchIntegrationTest" time="0.002"/>
  <testcase name="stage1_log2AndLog3Real(double)[17]" classname="integration.LogBranchIntegrationTest" time="0.001"/>
  <testcase name="stage1_log2AndLog3Real(double)[18]" classname="integration.LogBranchIntegrationTest" time="0.001"/>
  <testcase name="stage1_log2AndLog3Real(double)[19]" classname="integration.LogBranchIntegrationTest" time="0.002"/>
  <testcase name="stage1_log2AndLog3Real(double)[20]" classname="integration.LogBranchIntegrationTest" time="0.002"/>
  <testcase name="stage1_log2AndLog3Real(double)[21]" classname="integration.LogBranchIntegrationTest" time="0.001"/>
  <testcase name="stage1_log2AndLog3Real(double)[22]" classname="integration.LogBranchIntegrationTest" time="0.002"/>
  <testcase name="stage1_log2AndLog3Real(double)[23]" classname="integration.LogBranchIntegrationTest" time="0.001"/>
  <testcase name="stage1_log2AndLog3Real(double)[24]" classname="integration.LogBranchIntegrationTest" time="0.002"/>
  <testcase name="stage1_log2AndLog3Real(double)[25]" classname="integration.LogBranchIntegrationTest" time="0.002"/>
  <testcase name="stage1_log2AndLog3Real(double)[26]" classname="integration.LogBranchIntegrationTest" time="0.002"/>
  <testcase name="stage1_log2AndLog3Real(double)[27]" classname="integration.LogBranchIntegrationTest" time="0.001"/>
  <testcase name="stage1_log2AndLog3Real(double)[28]" classname="integration.LogBranchIntegrationTest" time="0.002"/>
  <testcase name="stage1_log2AndLog3Real(double)[29]" classname="integration.LogBranchIntegrationTest" time="0.001"/>
  <testcase name="stage1_log2AndLog3Real(double)[30]" classname="integration.LogBranchIntegrationTest" time="0.003"/>
  <testcase name="stage1_log2AndLog3Real(double)[31]" classname="integration.LogBranchIntegrationTest" time="0.002"/>
  <testcase name="stage1_log2AndLog3Real(double)[32]" classname="integration.LogBranchIntegrationTest" time="0.002"/>
  <testcase name="stage1_log2AndLog3Real(double)[33]" classname="integration.LogBranchIntegrationTest" time="0.001"/>
  <testcase name="stage1_log2AndLog3Real(double)[34]" classname="integration.LogBranchIntegrationTest" time="0.002"/>
  <testcase name="stage1_log2AndLog3Real(double)[35]" classname="integration.LogBranchIntegrationTest" time="0.002"/>
  <testcase name="stage1_log2AndLog3Real(double)[36]" classname="integration.LogBranchIntegrationTest" time="0.002"/>
  <testcase name="stage1_log2AndLog3Real(double)[37]" classname="integration.LogBranchIntegrationTest" time="0.001"/>
  <testcase name="stage1_log2AndLog3Real(double)[38]" classname="integration.LogBranchIntegrationTest" time="0.002"/>
  <testcase name="stage1_log2AndLog3Real(double)[39]" classname="integration.LogBranchIntegrationTest" time="0.002"/>
  <testcase name="stage1_log2AndLog3Real(double)[40]" classname="integration.LogBranchIntegrationTest" time="0.001"/>
  <testcase name="stage1_log2AndLog3Real(double)[41]" classname="integration.LogBranchIntegrationTest" time="0.001"/>
  <testcase name="stage1_log2AndLog3Real(double)[42]" classname="integration.LogBranchIntegrationTest" time="0.001"/>
  <testcase name="stage1_log2AndLog3Real(double)[43]" classname="integration.LogBranchIntegrationTest" time="0.001"/>
  <testcase name="stage1_log2AndLog3Real(double)[44]" classname="integration.LogBranchIntegrationTest" time="0.001"/>
  <testcase name="stage1_log2AndLog3Real(double)[45]" classname="integration.LogBranchIntegrationTest" time="0.002"/>
  <testcase name="stage1_log2AndLog3Real(double)[46]" classname="integration.LogBranchIntegrationTest" time="0.001"/>
  <testcase name="stage1_log2AndLog3Real(double)[47]" classname="integration.LogBranchIntegrationTest" time="0.001"/>
  <testcase name="stage1_log2AndLog3Real(double)[48]" classname="integration.LogBranchIntegrationTest" time="0.002"/>
  <testcase name="stage1_log2AndLog3Real(double)[49]" classname="integration.LogBranchIntegrationTest" time="0.002"/>
  <testcase name="stage1_log2AndLog3Real(double)[50]" classname="integration.LogBranchIntegrationTest" time="0.002"/>
  <testcase name="stage1_log2AndLog3Real(double)[51]" classname="integration.LogBranchIntegrationTest" time="0.002"/>
  <testcase name="stage1_log2AndLog3Real(double)[52]" classname="integration.LogBranchIntegrationTest" time="0.002"/>
  <testcase name="stage1_log2AndLog3Real(double)[53]" classname="integration.LogBranchIntegrationTest" time="0.002"/>
  <testcase name="stage1_log2AndLog3Real(double)[54]" classname="integration.LogBranchIntegrationTest" time="0.001"/>
  <testcase name="stage1_log2AndLog3Real(double)[55]" classname="integration.LogBranchIntegrationTest" time="0.001"/>
  <testcase name="stage1_log2AndLog3Real(double)[56]" classname="integration.LogBranchIntegrationTest" time="0.001"/>
  <testcase name="stage1_log2AndLog3Real(double)[57]" classname="integration.LogBranchIntegrationTest" time="0.002"/>
  <testcase name="stage0_onlyLogBranchReal(double)[1]" classname="integration.LogBranchIntegrationTest" time="0.003"/>
  <testcase name="stage0_onlyLogBranchReal(double)[2]" classname="integration.LogBranchIntegrationTest" time="0.002"/>
  <testcase name="stage0_onlyLogBranchReal(double)[3]" classname="integration.LogBranchIntegrationTest" time="0.004"/>
  <testcase name="stage0_onlyLogBranchReal(double)[4]" classname="integration.LogBranchIntegrationTest" time="0.002"/>
  <testcase name="stage0_onlyLogBranchReal(double)[5]" classname="integration.LogBranchIntegrationTest" time="0.003"/>
  <testcase name="stage0_onlyLogBranchReal(double)[6]" classname="integration.LogBranchIntegrationTest" time="0.003"/>
  <testcase name="stage0_onlyLogBranchReal(double)[7]" classname="integration.LogBranchIntegrationTest" time="0.003"/>
  <testcase name="stage0_onlyLogBranchReal(double)[8]" classname="integration.LogBranchIntegrationTest" time="0.002"/>
  <testcase name="stage0_onlyLogBranchReal(double)[9]" classname="integration.LogBranchIntegrationTest" time="0.003"/>
  <testcase name="stage0_onlyLogBranchReal(double)[10]" classname="integration.LogBranchIntegrationTest" time="0.003"/>
  <testcase name="stage0_onlyLogBranchReal(double)[11]" classname="integration.LogBranchIntegrationTest" time="0.003"/>
  <testcase name="stage0_onlyLogBranchReal(double)[12]" classname="integration.LogBranchIntegrationTest" time="0.003"/>
  <testcase name="stage0_onlyLogBranchReal(double)[13]" classname="integration.LogBranchIntegrationTest" time="0.002"/>
  <testcase name="stage0_onlyLogBranchReal(double)[14]" classname="integration.LogBranchIntegrationTest" time="0.003"/>
  <testcase name="stage0_onlyLogBranchReal(double)[15]" classname="integration.LogBranchIntegrationTest" time="0.003"/>
  <testcase name="stage0_onlyLogBranchReal(double)[16]" classname="integration.LogBranchIntegrationTest" time="0.003"/>
  <testcase name="stage0_onlyLogBranchReal(double)[17]" classname="integration.LogBranchIntegrationTest" time="0.003"/>
  <testcase name="stage0_onlyLogBranchReal(double)[18]" classname="integration.LogBranchIntegrationTest" time="0.003"/>
  <testcase name="stage0_onlyLogBranchReal(double)[19]" classname="integration.LogBranchIntegrationTest" time="0.003"/>
  <testcase name="stage0_onlyLogBranchReal(double)[20]" classname="integration.LogBranchIntegrationTest" time="0.003"/>
  <testcase name="stage0_onlyLogBranchReal(double)[21]" classname="integration.LogBranchIntegrationTest" time="0.003"/>
  <testcase name="stage0_onlyLogBranchReal(double)[22]" classname="integration.LogBranchIntegrationTest" time="0.002"/>
  <testcase name="stage0_onlyLogBranchReal(double)[23]" classname="integration.LogBranchIntegrationTest" time="0.003"/>
  <testcase name="stage0_onlyLogBranchReal(double)[24]" classname="integration.LogBranchIntegrationTest" time="0.003"/>
  <testcase name="stage0_onlyLogBranchReal(double)[25]" classname="integration.LogBranchIntegrationTest" time="0.003"/>
  <testcase name="stage0_onlyLogBranchReal(double)[26]" classname="integration.LogBranchIntegrationTest" time="0.005"/>
  <testcase name="stage0_onlyLogBranchReal(double)[27]" classname="integration.LogBranchIntegrationTest" time="0.002"/>
  <testcase name="stage0_onlyLogBranchReal(double)[28]" classname="integration.LogBranchIntegrationTest" time="0.002"/>
  <testcase name="stage0_onlyLogBranchReal(double)[29]" classname="integration.LogBranchIntegrationTest" time="0.003"/>
  <testcase name="stage0_onlyLogBranchReal(double)[30]" classname="integration.LogBranchIntegrationTest" time="0.003"/>
  <testcase name="stage0_onlyLogBranchReal(double)[31]" classname="integration.LogBranchIntegrationTest" time="0.003"/>
  <testcase name="stage0_onlyLogBranchReal(double)[32]" classname="integration.LogBranchIntegrationTest" time="0.005"/>
  <testcase name="stage0_onlyLogBranchReal(double)[33]" classname="integration.LogBranchIntegrationTest" time="0.002"/>
  <testcase name="stage0_onlyLogBranchReal(double)[34]" classname="integration.LogBranchIntegrationTest" time="0.002"/>
  <testcase name="stage0_onlyLogBranchReal(double)[35]" classname="integration.LogBranchIntegrationTest" time="0.002"/>
  <testcase name="stage0_onlyLogBranchReal(double)[36]" classname="integration.LogBranchIntegrationTest" time="0.003"/>
  <testcase name="stage0_onlyLogBranchReal(double)[37]" classname="integration.LogBranchIntegrationTest" time="0.002"/>
  <testcase name="stage0_onlyLogBranchReal(double)[38]" classname="integration.LogBranchIntegrationTest" time="0.003"/>
  <testcase name="stage0_onlyLogBranchReal(double)[39]" classname="integration.LogBranchIntegrationTest" time="0.002"/>
  <testcase name="stage0_onlyLogBranchReal(double)[40]" classname="integration.LogBranchIntegrationTest" time="0.002"/>
  <testcase name="stage0_onlyLogBranchReal(double)[41]" classname="integration.LogBranchIntegrationTest" time="0.003"/>
  <testcase name="stage0_onlyLogBranchReal(double)[42]" classname="integration.LogBranchIntegrationTest" time="0.002"/>
  <testcase name="stage0_onlyLogBranchReal(double)[43]" classname="integration.LogBranchIntegrationTest" time="0.002"/>
  <testcase name="stage0_onlyLogBranchReal(double)[44]" classname="integration.LogBranchIntegrationTest" time="0.001"/>
  <testcase name="stage0_onlyLogBranchReal(double)[45]" classname="integration.LogBranchIntegrationTest" time="0.002"/>
  <testcase name="stage0_onlyLogBranchReal(double)[46]" classname="integration.LogBranchIntegrationTest" time="0.001"/>
  <testcase name="stage0_onlyLogBranchReal(double)[47]" classname="integration.LogBranchIntegrationTest" time="0.001"/>
  <testcase name="stage0_onlyLogBranchReal(double)[48]" classname="integration.LogBranchIntegrationTest" time="0.002"/>
  <testcase name="stage0_onlyLogBranchReal(double)[49]" classname="integration.LogBranchIntegrationTest" time="0.001"/>
  <testcase name="stage0_onlyLogBranchReal(double)[50]" classname="integration.LogBranchIntegrationTest" time="0.001"/>
  <testcase name="stage0_onlyLogBranchReal(double)[51]" classname="integration.LogBranchIntegrationTest" time="0.003"/>
  <testcase name="stage0_onlyLogBranchReal(double)[52]" classname="integration.LogBranchIntegrationTest" time="0.002"/>
  <testcase name="stage0_onlyLogBranchReal(double)[53]" classname="integration.LogBranchIntegrationTest" time="0.002"/>
  <testcase name="stage0_onlyLogBranchReal(double)[54]" classname="integration.LogBranchIntegrationTest" time="0.002"/>
  <testcase name="stage0_onlyLogBranchReal(double)[55]" classname="integration.LogBranchIntegrationTest" time="0.003"/>
  <testcase name="stage0_onlyLogBranchReal(double)[56]" classname="integration.LogBranchIntegrationTest" time="0.002"/>
  <testcase name="stage0_onlyLogBranchReal(double)[57]" classname="integration.LogBranchIntegrationTest" time="0.002"/>
</testsuite>