<?xml version="1.0" encoding="UTF-8"?>
<testsuite xmlns:xsi="http://www.w3.org/2001/XMLSchema-instance" xsi:noNamespaceSchemaLocation="https://maven.apache.org/surefire/maven-surefire-plugin/xsd/surefire-test-report-3.0.xsd" version="3.0" name="stub.StubModulesTest" time="0.288" tests="208" errors="0" skipped="0" failures="0">
  <properties>
[...]
</properties>
  <testcase name="shouldProvideTrigBranchStubValuesForEveryConfiguredPoint(double)[1]" classname="stub.StubModulesTest" time="0.0"/>
  <testcase name="shouldProvideTrigBranchStubValuesForEveryConfiguredPoint(double)[2]" classname="stub.StubModulesTest" time="0.004"/>
  <testcase name="shouldProvideTrigBranchStubValuesForEveryConfiguredPoint(double)[3]" classname="stub.StubModulesTest" time="0.0"/>
  <testcase name="shouldProvideTrigBranchStubValuesForEveryConfiguredPoint(double)[4]" classname="stub.StubModulesTest" time="0.004"/>
  <testcase name="shouldProvideTrigBranchStubValuesForEveryConfiguredPoint(double)[5]" classname="stub.StubModulesTest" time="0.0"/>
  <testcase name="shouldProvideTrigBranchStubValuesForEveryConfiguredPoint(double)[6]" classname="stub.StubModulesTest" time="0.004"/>
  <testcase name="shouldProvideTrigBranchStubValuesForEveryConfiguredPoint(double)[7]" classname="stub.StubModulesTest" time="0.0"/>
  <testcase name="shouldProvideTrigBranchStubValuesForEveryConfiguredPoint(double)[8]" classname="stub.StubModulesTest" time="0.004"/>
  <testcase name="shouldProvideTrigBranchStubValuesForEveryConfiguredPoint(double)[9]" classname="stub.StubModulesTest" time="0.0"/>
  <testcase name="shouldProvideTrigBranchStubValuesForEveryConfiguredPoint(double)[10]" classname="stub.StubModulesTest" time="0.0"/>
  <testcase name="shouldProvideTrigBranchStubValuesForEveryConfiguredPoint(double)[11]" classname="stub.StubModulesTest" time="0.004"/>
  <testcase name="shouldProvideTrigBranchStubValuesForEveryConfiguredPoint(double)[12]" classname="stub.StubModulesTest" time="0.0"/>
  <testcase name="shouldProvideTrigBranchStubValuesForEveryConfiguredPoint(double)[13]" classname="stub.StubModulesTest" time="0.0"/>
  <testcase name="shouldProvideTrigBranchStubValuesForEveryConfiguredPoint(double)[14]" classname="stub.StubModulesTest" time="0.004"/>
  <testcase name="shouldProvideTrigBranchStubValuesForEveryConfiguredPoint(double)[15]" classname="stub.StubModulesTest" time="0.0"/>
  <testcase name="shouldProvideTrigBranchStubValuesForEveryConfiguredPoint(double)[16]" classname="stub.StubModulesTest" time="0.0"/>
  <testcase name="shouldProvideTrigBranchStubValuesForEveryConfiguredPoint(double)[17]" classname="stub.StubModulesTest" time="0.004"/>
  <testcase name="shouldProvideTrigBranchStubValuesForEveryConfiguredPoint(double)[18]" classname="stub.StubModulesTest" time="0.0"/>
  <testcase name="shouldProvideTrigBranchStubValuesForEveryConfiguredPoint(double)[19]" classname="stub.StubModulesTest" time="0.0"/>
  <testcase name="shouldProvideTrigBranchStubValuesForEveryConfiguredPoint(double)[20]" classname="stub.StubModulesTest" time="0.0"/>
  <testcase name="shouldProvideTrigBranchStubValuesForEveryConfiguredPoint(double)[21]" classname="stub.StubModulesTest" time="0.0"/>
  <testcase name="shouldProvideTrigBranchStubValuesForEveryConfiguredPoint(double)[22]" classname="stub.StubModulesTest" time="0.0"/>
  <testcase name="shouldProvideTrigBranchStubValuesForEveryConfiguredPoint(double)[23]" classname="stub.StubModulesTest" time="0.0"/>
  <testcase name="shouldProvideTrigBranchStubValuesForEveryConfiguredPoint(double)[24]" classname="stub.StubModulesTest" time="0.004"/>
  <testcase name="shouldProvideTrigBranchStubValuesForEveryConfiguredPoint(double)[25]" classname="stub.StubModulesTest" time="0.0"/>
  <testcase name="shouldProvideTrigBranchStubValuesForEveryConfiguredPoint(double)[26]" classname="stub.StubModulesTest" time="0.0"/>
  <testcase name="shouldProvideTrigBranchStubValuesForEveryConfiguredPoint(double)[27]" classname="stub.StubModulesTest" time="0.0"/>
  <testcase name="shouldProvideTrigBranchStubValuesForEveryConfiguredPoint(double)[28]" classname="stub.StubModulesTest" time="0.004"/>
  <testcase name="shouldProvideTrigBranchStubValuesForEveryConfiguredPoint(double)[29]" classname="stub.StubModulesTest" time="0.0"/>
  <testcase name="shouldProvideTrigBranchStubValuesForEveryConfiguredPoint(double)[30]" classname="stub.StubModulesTest" time="0.0"/>
  <testcase name="shouldProvideTrigBranchStubValuesForEveryConfiguredPoint(double)[31]" classname="stub.StubModulesTest" time="0.0"/>
  <testcase name="shouldProvideTrigBranchStubValuesForEveryConfiguredPoint(double)[32]" classname="stub.StubModulesTest" time="0.0"/>
  <testcase name="shouldProvideTrigBranchStubValuesForEveryConfiguredPoint(double)[33]" classname="stub.StubModulesTest" time="0.0"/>
  <testcase name="shouldProvideTrigBranchStubValuesForEveryConfiguredPoint(double)[34]" classname="stub.StubModulesTest" time="0.0"/>
  <testcase name="shouldProvideTrigBranchStubValuesForEveryConfiguredPoint(double)[35]" classname="stub.StubModulesTest" time="0.0"/>
  <testcase name="shouldProvideTrigBranchStubValuesForEveryConfiguredPoint(double)[36]" classname="stub.StubModulesTest" time="0.0"/>
  <testcase name="shouldProvideTrigBranchStubValuesForEveryConfiguredPoint(double)[37]" classname="stub.StubModulesTest" time="0.0"/>
  <testcase name="shouldProvideTrigBranchStubValuesForEveryConfiguredPoint(double)[38]" classname="stub.StubModulesTest" time="0.004"/>
  <testcase name="shouldProvideTrigBranchStubValuesForEveryConfiguredPoint(double)[39]" classname="stub.StubModulesTest" time="0.0"/>
  <testcase name="shouldProvideTrigBranchStubValuesForEveryConfiguredPoint(double)[40]" classname="stub.StubModulesTest" time="0.0"/>
  <testcase name="shouldProvideTrigBranchStubValuesForEveryConfiguredPoint(double)[41]" classname="stub.StubModulesTest" time="0.0"/>
  <testcase name="shouldProvideTrigBranchStubValuesForEveryConfiguredPoint(double)[42]" classname="stub.StubModulesTest" time="0.004"/>
  <testcase name="shouldProvideTrigBranchStubValuesForEveryConfiguredPoint(double)[43]" classname="stub.StubModulesTest" time="0.0"/>
  <testcase name="shouldProvideLogBranchStubValuesForEveryConfiguredPoint(double)[1]" classname="stub.StubModulesTest" time="0.0"/>
  <testcase name="shouldProvideLogBranchStubValuesForEveryConfiguredPoint(double)[2]" classname="stub.StubModulesTest" time="0.0"/>
  <testcase name="shouldProvideLogBranchStubValuesForEveryConfiguredPoint(double)[3]" classname="stub.StubModulesTest" time="0.004"/>
  <testcase name="shouldProvideLogBranchStubValuesForEveryConfiguredPoint(double)[4]" classname="stub.StubModulesTest" time="0.0"/>
  <testcase name="shouldProvideLogBranchStubValuesForEveryConfiguredPoint(double)[5]" classname="stub.StubModulesTest" time="0.0"/>
  <testcase name="shouldProvideLogBranchStubValuesForEveryConfiguredPoint(double)[6]" classname="stub.StubModulesTest" time="0.0"/>
  <testcase name="shouldProvideLogBranchStubValuesForEveryConfiguredPoint(double)[7]" classname="stub.StubModulesTest" time="0.0"/>
  <testcase name="shouldProvideLogBranchStubValuesForEveryConfiguredPoint(double)[8]" classname="stub.StubModulesTest" time="0.0"/>
  <testcase name="shouldProvideLogBranchStubValuesForEveryConfiguredPoint(double)[9]" classname="stub.StubModulesTest" time="0.0"/>
  <testcase name="shouldProvideLogBranchStubValuesForEveryConfiguredPoint(double)[10]" classname="stub.StubModulesTest" time="0.0"/>
  <testcase name="shouldProvideLogBranchStubValuesForEveryConfiguredPoint(double)[11]" classname="stub.StubModulesTest" time="0.0"/>
  <testcase name="shouldProvideLogBranchStubValuesForEveryConfiguredPoint(double)[12]" classname="stub.StubModulesTest" time="0.0"/>
  <testcase name="shouldProvideLogBranchStubValuesForEveryConfiguredPoint(double)[13]" classname="stub.StubModulesTest" time="0.0"/>
  <testcase name="shouldProvideLogBranchStubValuesForEveryConfiguredPoint(double)[14]" classname="stub.StubModulesTest" time="0.0"/>
  <testcase name="shouldProvideLogBranchStubValuesForEveryConfiguredPoint(double)[15]" classname="stub.StubModulesTest" time="0.0"/>
  <testcase name="shouldProvideLogBranchStubValuesForEveryConfiguredPoint(double)[16]" classname="stub.StubModulesTest" time="0.0"/>
  <testcase name="shouldProvideLogBranchStubValuesForEveryConfiguredPoint(double)[17]" classname="stub.StubModulesTest" time="0.0"/>
  <testcase name="shouldProvideLogBranchStubValuesForEveryConfiguredPoint(double)[18]" classname="stub.StubModulesTest" time="0.004"/>
  <testcase name="shouldProvideLogBranchStubValuesForEveryConfiguredPoint(double)[19]" classname="stub.StubModulesTest" time="0.0"/>
  <testcase name="shouldProvideLogBranchStubValuesForEveryConfiguredPoint(double)[20]" classname="stub.StubModulesTest" time="0.0"/>
  <testcase name="shouldProvideLogBranchStubValuesForEveryConfiguredPoint(double)[21]" classname="stub.StubModulesTest" time="0.0"/>
  <testcase name="shouldProvideLogBranchStubValuesForEveryConfiguredPoint(double)[22]" classname="stub.StubModulesTest" time="0.0"/>
  <testcase name="shouldProvideLogBranchStubValuesForEveryConfiguredPoint(double)[23]" classname="stub.StubModulesTest" time="0.0"/>
  <testcase name="shouldProvideLogBranchStubValuesForEveryConfiguredPoint(double)[24]" classname="stub.StubModulesTest" time="0.0"/>
  <testcase name="shouldProvideLogBranchStubValuesForEveryConfiguredPoint(double)[25]" classname="stub.StubModulesTest" time="0.0"/>
  <testcase name="shouldProvideLogBranchStubValuesForEveryConfiguredPoint(double)[26]" classname="stub.StubModulesTest" time="0.0"/>
  <testcase name="shouldProvideLogBranchStubValuesForEveryConfiguredPoint(double)[27]" classname="stub.StubModulesTest" time="0.0"/>
  <testcase name="shouldProvideLogBranchStubValuesForEveryConfiguredPoint(double)[28]" classname="stub.StubModulesTest" time="0.0"/>
  <testcase name="shouldProvideLogBranchStubValuesForEveryConfiguredPoint(double)[29]" classname="stub.StubModulesTest" time="0.0"/>
  <testcase name="shouldProvideLogBranchStubValuesForEveryConfiguredPoint(double)[30]" classname="stub.StubModulesTest" time="0.004"/>
  <testcase name="shouldProvideLogBranchStubValuesForEveryConfiguredPoint(double)[31]" classname="stub.StubModulesTest" time="0.0"/>
  <testcase name="shouldProvideLogBranchStubValuesForEveryConfiguredPoint(double)[32]" classname="stub.StubModulesTest" time="0.0"/>
  <testcase name="shouldProvideLogBranchStubValuesForEveryConfiguredPoint(double)[33]" classname="stub.StubModulesTest" time="0.004"/>
  <testcase name="shouldProvideLogBranchStubValuesForEveryConfiguredPoint(double)[34]" classname="stub.StubModulesTest" time="0.0"/>
  <testcase name="shouldProvideLogBranchStubValuesForEveryConfiguredPoint(double)[35]" classname="stub.StubModulesTest" time="0.0"/>
  <testcase name="shouldProvideLogBranchStubValuesForEveryConfiguredPoint(double)[36]" classname="stub.StubModulesTest" time="0.0"/>
  <testcase name="shouldProvideLogBranchStubValuesForEveryConfiguredPoint(double)[37]" classname="stub.StubModulesTest" time="0.0"/>
  <testcase name="shouldProvideLogBranchStubValuesForEveryConfiguredPoint(double)[38]" classname="stub.StubModulesTest" time="0.0"/>
  <testcase name="shouldProvideLogBranchStubValuesForEveryConfiguredPoint(double)[39]" classname="stub.StubModulesTest" time="0.0"/>
  <testcase name="shouldProvideLogBranchStubValuesForEveryConfiguredPoint(double)[40]" classname="stub.StubModulesTest" time="0.004"/>
  <testcase name="shouldProvideLogBranchStubValuesForEveryConfiguredPoint(double)[41]" classname="stub.StubModulesTest" time="0.0"/>
  <testcase name="shouldProvideLogBranchStubValuesForEveryConfiguredPoint(double)[42]" classname="stub.StubModulesTest" time="0.0"/>
  <testcase name="shouldProvideLogBranchStubValuesForEveryConfiguredPoint(double)[43]" classname="stub.StubModulesTest" time="0.004"/>
  <testcase name="shouldProvideLogBranchStubValuesForEveryConfiguredPoint(double)[44]" classname="stub.StubModulesTest" time="0.0"/>
  <testcase name="shouldProvideLogBranchStubValuesForEveryConfiguredPoint(double)[45]" classname="stub.StubModulesTest" time="0.0"/>
  <testcase name="shouldProvideLogBranchStubValuesForEveryConfiguredPoint(double)[46]" classname="stub.StubModulesTest" time="0.0"/>
  <testcase name="shouldProvideLogBranchStubValuesForEveryConfiguredPoint(double)[47]" classname="stub.StubModulesTest" time="0.004"/>
  <testcase name="shouldProvideLogBranchStubValuesForEveryConfiguredPoint(double)[48]" classname="stub.StubModulesTest" time="0.0"/>
  <testcase name="shouldProvideLogBranchStubValuesForEveryConfiguredPoint(double)[49]" classname="stub.StubModulesTest" time="0.0"/>
  <testcase name="shouldProvideLogBranchStubValuesForEveryConfiguredPoint(double)[50]" classname="stub.StubModulesTest" time="0.0"/>
  <testcase name="shouldProvideLogBranchStubValuesForEveryConfiguredPoint(double)[51]" classname="stub.StubModulesTest" time="0.0"/>
  <testcase name="shouldProvideLogBranchStubValuesForEveryConfiguredPoint(double)[52]" classname="stub.StubModulesTest" time="0.0"/>
  <testcase name="shouldProvideLogBranchStubValuesForEveryConfiguredPoint(double)[53]" classname="stub.StubModulesTest" time="0.0"/>
  <testcase name="shouldProvideLogBranchStubValuesForEveryConfiguredPoint(double)[54]" classname="stub.StubModulesTest" time="0.0"/>
  <testcase name="shouldProvideLogBranchStubValuesForEveryConfiguredPoint(double)[55]" classname="stub.StubModulesTest" time="0.0"/>
  <testcase name="shouldProvideConsistentLogarithmicStubValues_Log2(double)[1]" classname="stub.StubModulesTest" time="0.0"/>
  <testcase name="shouldProvideConsistentLogarithmicStubValues_Log2(double)[2]" classname="stub.StubModulesTest" time="0.004"/>
  <testcase name="shouldProvideConsistentLogarithmicStubValues_Log2(double)[3]" classname="stub.StubModulesTest" time="0.0"/>
  <testcase name="shouldProvideConsistentLogarithmicStubValues_Log2(double)[4]" classname="stub.StubModulesTest" time="0.0"/>
  <testcase name="shouldProvideConsistentLogarithmicStubValues_Log2(double)[5]" classname="stub.StubModulesTest" time="0.004"/>
  <testcase name="shouldProvideConsistentLogarithmicStubValues_Log2(double)[6]" classname="stub.StubModulesTest" time="0.0"/>
  <testcase name="shouldProvideConsistentLogarithmicStubValues_Log2(double)[7]" classname="stub.StubModulesTest" time="0.0"/>
  <testcase name="shouldProvideConsistentLogarithmicStubValues_Log2(double)[8]" classname="stub.StubModulesTest" time="0.004"/>
  <testcase name="shouldProvideConsistentLogarithmicStubValues_Log2(double)[9]" classname="stub.StubModulesTest" time="0.0"/>
  <testcase name="shouldProvideConsistentLogarithmicStubValues_Log2(double)[10]" classname="stub.StubModulesTest" time="0.004"/>
  <testcase name="shouldProvideConsistentLogarithmicStubValues_Log2(double)[11]" classname="stub.StubModulesTest" time="0.0"/>
  <testcase name="shouldProvideConsistentLogarithmicStubValues_Log2(double)[12]" classname="stub.StubModulesTest" time="0.0"/>
  <testcase name="shouldProvideConsistentLogarithmicStubValues_Log2(double)[13]" classname="stub.StubModulesTest" time="0.0"/>
  <testcase name="shouldProvideConsistentLogarithmicStubValues_Log2(double)[14]" classname="stub.StubModulesTest" time="0.0"/>
  <testcase name="shouldProvideConsistentLogarithmicStubValues_Log2(double)[15]" classname="stub.StubModulesTest" time="0.004"/>
  <testcase name="shouldProvideConsistentLogarithmicStubValues_Log2(double)[16]" classname="stub.StubModulesTest" time="0.0"/>
  <testcase name="shouldProvideConsistentLogarithmicStubValues_Log2(double)[17]" classname="stub.StubModulesTest" time="0.0"/>
  <testcase name="shouldProvideConsistentLogarithmicStubValues_Log2(double)[18]" classname="stub.StubModulesTest" time="0.004"/>
  <testcase name="shouldProvideConsistentLogarithmicStubValues_Log2(double)[19]" classname="stub.StubModulesTest" time="0.0"/>
  <testcase name="shouldProvideConsistentLogarithmicStubValues_Log2(double)[20]" classname="stub.StubModulesTest" time="0.0"/>
  <testcase name="shouldProvideConsistentLogarithmicStubValues_Log2(double)[21]" classname="stub.StubModulesTest" time="0.004"/>
  <testcase name="shouldProvideConsistentLogarithmicStubValues_Log2(double)[22]" classname="stub.StubModulesTest" time="0.0"/>
  <testcase name="shouldProvideConsistentLogarithmicStubValues_Log2(double)[23]" classname="stub.StubModulesTest" time="0.0"/>
  <testcase name="shouldProvideConsistentLogarithmicStubValues_Log2(double)[24]" classname="stub.StubModulesTest" time="0.004"/>
  <testcase name="shouldProvideConsistentLogarithmicStubValues_Log2(double)[25]" classname="stub.StubModulesTest" time="0.0"/>
  <testcase name="shouldProvideConsistentLogarithmicStubValues_Log2(double)[26]" classname="stub.StubModulesTest" time="0.004"/>
  <testcase name="shouldProvideConsistentLogarithmicStubValues_Log2(double)[27]" classname="stub.StubModulesTest" time="0.0"/>
  <testcase name="shouldProvideConsistentLogarithmicStubValues_Log2(double)[28]" classname="stub.StubModulesTest" time="0.0"/>
  <testcase name="shouldProvideConsistentLogarithmicStubValues_Log2(double)[29]" classname="stub.StubModulesTest" time="0.0"/>
  <testcase name="shouldProvideConsistentLogarithmicStubValues_Log2(double)[30]" classname="stub.StubModulesTest" time="0.0"/>
  <testcase name="shouldProvideConsistentLogarithmicStubValues_Log2(double)[31]" classname="stub.StubModulesTest" time="0.0"/>
  <testcase name="shouldProvideConsistentLogarithmicStubValues_Log2(double)[32]" classname="stub.StubModulesTest" time="0.0"/>
  <testcase name="shouldProvideConsistentLogarithmicStubValues_Log2(double)[33]" classname="stub.StubModulesTest" time="0.0"/>
  <testcase name="shouldProvideConsistentLogarithmicStubValues_Log2(double)[34]" classname="stub.StubModulesTest" time="0.0"/>
  <testcase name="shouldProvideConsistentLogarithmicStubValues_Log2(double)[35]" classname="stub.StubModulesTest" time="0.0"/>
  <testcase name="shouldProvideConsistentLogarithmicStubValues_Log2(double)[36]" classname="stub.StubModulesTest" time="0.0"/>
  <testcase name="shouldProvideConsistentLogarithmicStubValues_Log2(double)[37]" classname="stub.StubModulesTest" time="0.0"/>
  <testcase name="shouldProvideConsistentLogarithmicStubValues_Log2(double)[38]" classname="stub.StubModulesTest" time="0.0"/>
  <testcase name="shouldProvideConsistentLogarithmicStubValues_Log2(double)[39]" classname="stub.StubModulesTest" time="0.0"/>
  <testcase name="shouldProvideConsistentLogarithmicStubValues_Log2(double)[40]" classname="stub.StubModulesTest" time="0.004"/>
  <testcase name="shouldProvideConsistentLogarithmicStubValues_Log2(double)[41]" classname="stub.StubModulesTest" time="0.0"/>
  <testcase name="shouldProvideConsistentLogarithmicStubValues_Log2(double)[42]" classname="stub.StubModulesTest" time="0.004"/>
  <testcase name="shouldProvideConsistentLogarithmicStubValues_Log2(double)[43]" classname="stub.StubModulesTest" time="0.0"/>
  <testcase name="shouldProvideConsistentLogarithmicStubValues_Log2(double)[44]" classname="stub.StubModulesTest" time="0.0"/>
  <testcase name="shouldProvideConsistentLogarithmicStubValues_Log2(double)[45]" classname="stub.StubModulesTest" time="0.004"/>
  <testcase name="shouldProvideConsistentLogarithmicStubValues_Log2(double)[46]" classname="stub.StubModulesTest" time="0.0"/>
  <testcase name="shouldProvideConsistentLogarithmicStubValues_Log2(double)[47]" classname="stub.StubModulesTest" time="0.004"/>
  <testcase name="shouldProvideConsistentLogarithmicStubValues_Log2(double)[48]" classname="stub.StubModulesTest" time="0.0"/>
  <testcase name="shouldProvideConsistentLogarithmicStubValues_Log2(double)[49]" classname="stub.StubModulesTest" time="0.0"/>
  <testcase name="shouldProvideConsistentLogarithmicStubValues_Log2(double)[50]" classname="stub.StubModulesTest" time="0.0"/>
  <testcase name="shouldProvideConsistentLogarithmicStubValues_Log2(double)[51]" classname="stub.StubModulesTest" time="0.0"/>
  <testcase name="shouldProvideConsistentLogarithmicStubValues_Log2(double)[52]" classname="stub.StubModulesTest" time="0.0"/>
  <testcase name="shouldProvideConsistentLogarithmicStubValues_Log2(double)[53]" classname="stub.StubModulesTest" time="0.004"/>
  <testcase name="shouldProvideConsistentLogarithmicStubValues_Log2(double)[54]" classname="stub.StubModulesTest" time="0.0"/>
  <testcase name="shouldProvideConsistentLogarithmicStubValues_Log2(double)[55]" classname="stub.StubModulesTest" time="0.004"/>
  <testcase name="shouldProvideConsistentLogarithmicStubValues_Log3(double)[1]" classname="stub.StubModulesTest" time="0.004"/>
  <testcase name="shouldProvideConsistentLogarithmicStubValues_Log3(double)[2]" classname="stub.StubModulesTest" time="0.0"/>
  <testcase name="shouldProvideConsistentLogarithmicStubValues_Log3(double)[3]" classname="stub.StubModulesTest" time="0.004"/>
  <testcase name="shouldProvideConsistentLogarithmicStubValues_Log3(double)[4]" classname="stub.StubModulesTest" time="0.004"/>
  <testcase name="shouldProvideConsistentLogarithmicStubValues_Log3(double)[5]" classname="stub.StubModulesTest" time="0.004"/>
  <testcase name="shouldProvideConsistentLogarithmicStubValues_Log3(double)[6]" classname="stub.StubModulesTest" time="0.0"/>
  <testcase name="shouldProvideConsistentLogarithmicStubValues_Log3(double)[7]" classname="stub.StubModulesTest" time="0.004"/>
  <testcase name="shouldProvideConsistentLogarithmicStubValues_Log3(double)[8]" classname="stub.StubModulesTest" time="0.0"/>
  <testcase name="shouldProvideConsistentLogarithmicStubValues_Log3(double)[9]" classname="stub.StubModulesTest" time="0.0"/>
  <testcase name="shouldProvideConsistentLogarithmicStubValues_Log3(double)[10]" classname="stub.StubModulesTest" time="0.004"/>
  <testcase name="shouldProvideConsistentLogarithmicStubValues_Log3(double)[11]" classname="stub.StubModulesTest" time="0.0"/>
  <testcase name="shouldProvideConsistentLogarithmicStubValues_Log3(double)[12]" classname="stub.StubModulesTest" time="0.0"/>
  <testcase name="shouldProvideConsistentLogarithmicStubValues_Log3(double)[13]" classname="stub.StubModulesTest" time="0.0"/>
  <testcase name="shouldProvideConsistentLogarithmicStubValues_Log3(double)[14]" classname="stub.StubModulesTest" time="0.004"/>
  <testcase name="shouldProvideConsistentLogarithmicStubValues_Log3(double)[15]" classname="stub.StubModulesTest" time="0.0"/>
  <testcase name="shouldProvideConsistentLogarithmicStubValues_Log3(double)[16]" classname="stub.StubModulesTest" time="0.0"/>
  <testcase name="shouldProvideConsistentLogarithmicStubValues_Log3(double)[17]" classname="stub.StubModulesTest" time="0.0"/>
  <testcase name="shouldProvideConsistentLogarithmicStubValues_Log3(double)[18]" classname="stub.StubModulesTest" time="0.0"/>
  <testcase name="shouldProvideConsistentLogarithmicStubValues_Log3(double)[19]" classname="stub.StubModulesTest" time="0.0"/>
  <testcase name="shouldProvideConsistentLogarithmicStubValues_Log3(double)[20]" classname="stub.StubModulesTest" time="0.0"/>
  <testcase name="shouldProvideConsistentLogarithmicStubValues_Log3(double)[21]" classname="stub.StubModulesTest" time="0.004"/>
  <testcase name="shouldProvideConsistentLogarithmicStubValues_Log3(double)[22]" classname="stub.StubModulesTest" time="0.0"/>
  <testcase name="shouldProvideConsistentLogarithmicStubValues_Log3(double)[23]" classname="stub.StubModulesTest" time="0.0"/>
  <testcase name="shouldProvideConsistentLogarithmicStubValues_Log3(double)[24]" classname="stub.StubModulesTest" time="0.004"/>
  <testcase name="shouldProvideConsistentLogarithmicStubValues_Log3(double)[25]" classname="stub.StubModulesTest" time="0.0"/>
  <testcase name="shouldProvideConsistentLogarithmicStubValues_Log3(double)[26]" classname="stub.StubModulesTest" time="0.0"/>
  <testcase name="shouldProvideConsistentLogarithmicStubValues_Log3(double)[27]" classname="stub.StubModulesTest" time="0.0"/>
  <testcase name="shouldProvideConsistentLogarithmicStubValues_Log3(double)[28]" classname="stub.StubModulesTest" time="0.004"/>
  <testcase name="shouldProvideConsistentLogarithmicStubValues_Log3(double)[29]" classname="stub.StubModulesTest" time="0.0"/>
  <testcase name="shouldProvideConsistentLogarithmicStubValues_Log3(double)[30]" classname="stub.StubModulesTest" time="0.004"/>
  <testcase name="shouldProvideConsistentLogarithmicStubValues_Log3(double)[31]" classname="stub.StubModulesTest" time="0.0"/>
  <testcase name="shouldProvideConsistentLogarithmicStubValues_Log3(double)[32]" classname="stub.StubModulesTest" time="0.0"/>
  <testcase name="shouldProvideConsistentLogarithmicStubValues_Log3(double)[33]" classname="stub.StubModulesTest" time="0.004"/>
  <testcase name="shouldProvideConsistentLogarithmicStubValues_Log3(double)[34]" classname="stub.StubModulesTest" time="0.0"/>
  <testcase name="shouldProvideConsistentLogarithmicStubValues_Log3(double)[35]" classname="stub.StubModulesTest" time="0.0"/>
  <testcase name="shouldProvideConsistentLogarithmicStubValues_Log3(double)[36]" classname="stub.StubModulesTest" time="0.0"/>
  <testcase name="shouldProvideConsistentLogarithmicStubValues_Log3(double)[37]" classname="stub.StubModulesTest" time="0.004"/>
  <testcase name="shouldProvideConsistentLogarithmicStubValues_Log3(double)[38]" classname="stub.StubModulesTest" time="0.0"/>
  <testcase name="shouldProvideConsistentLogarithmicStubValues_Log3(double)[39]" classname="stub.StubModulesTest" time="0.0"/>
  <testcase name="shouldProvideConsistentLogarithmicStubValues_Log3(double)[40]" classname="stub.StubModulesTest" time="0.0"/>
  <testcase name="shouldProvideConsistentLogarithmicStubValues_Log3(double)[41]" classname="stub.StubModulesTest" time="0.004"/>
  <testcase name="shouldProvideConsistentLogarithmicStubValues_Log3(double)[42]" classname="stub.StubModulesTest" time="0.0"/>
  <testcase name="shouldProvideConsistentLogarithmicStubValues_Log3(double)[43]" classname="stub.StubModulesTest" time="0.0"/>
  <testcase name="shouldProvideConsistentLogarithmicStubValues_Log3(double)[44]" classname="stub.StubModulesTest" time="0.0"/>
  <testcase name="shouldProvideConsistentLogarithmicStubValues_Log3(double)[45]" classname="stub.StubModulesTest" time="0.0"/>
  <testcase name="shouldProvideConsistentLogarithmicStubValues_Log3(double)[46]" classname="stub.StubModulesTest" time="0.004"/>
  <testcase name="shouldProvideConsistentLogarithmicStubValues_Log3(double)[47]" classname="stub.StubModulesTest" time="0.0"/>
  <testcase name="shouldProvideConsistentLogarithmicStubValues_Log3(double)[48]" classname="stub.StubModulesTest" time="0.0"/>
  <testcase name="shouldProvideConsistentLogarithmicStubValues_Log3(double)[49]" classname="stub.StubModulesTest" time="0.0"/>
  <testcase name="shouldProvideConsistentLogarithmicStubValues_Log3(double)[50]" classname="stub.StubModulesTest" time="0.004"/>
  <testcase name="shouldProvideConsistentLogarithmicStubValues_Log3(double)[51]" classname="stub.StubModulesTest" time="0.0"/>
  <testcase name="shouldProvideConsistentLogarithmicStubValues_Log3(double)[52]" classname="stub.StubModulesTest" time="0.0"/>
  <testcase name="shouldProvideConsistentLogarithmicStubValues_Log3(double)[53]" classname="stub.StubModulesTest" time="0.0"/>
  <testcase name="shouldProvideConsistentLogarithmicStubValues_Log3(double)[54]" classname="stub.StubModulesTest" time="0.004"/>
  <testcase name="shouldProvideConsistentLogarithmicStubValues_Log3(double)[55]" classname="stub.StubModulesTest" time="0.0"/>
</testsuite>