<?xml version="1.0" encoding="UTF-8"?>
<testsuite xmlns:xsi="http://www.w3.org/2001/XMLSchema-instance" xsi:noNamespaceSchemaLocation="https://maven.apache.org/surefire/maven-surefire-plugin/xsd/surefire-test-report-3.0.xsd" version="3.0" name="integration.TrigBranchIntegrationTest" time="0.203" tests="92" errors="0" skipped="0" failures="0">
  <properties>
[...]
</properties>
  <testcase name="stage3_fullyRealTrigBranch(double)[1]" classname="integration.TrigBranchIntegrationTest" time="0.001"/>
  <testcase name="stage3_fullyRealTrigBranch(double)[2]" classname="integration.TrigBranchIntegrationTest" time="0.001"/>
  <testcase name="stage3_fullyRealTrigBranch(double)[3]" classname="integration.TrigBranchIntegrationTest" time="0.001"/>
  <testcase name="stage3_fullyRealTrigBranch(double)[4]" classname="integration.TrigBranchIntegrationTest" time="0.002"/>
  <testcase name="stage3_fullyRealTrigBranch(double)[5]" classname="integration.TrigBranchIntegrationTest" time="0.001"/>
  <testcase name="stage3_fullyRealTrigBranch(double)[6]" classname="integration.TrigBranchIntegrationTest" time="0.001"/>
  <testcase name="stage3_fullyRealTrigBranch(double)[7]" classname="integration.TrigBranchIntegrationTest" time="0.001"/>
  <testcase name="stage3_fullyRealTrigBranch(double)[8]" classname="integration.TrigBranchIntegrationTest" time="0.001"/>
  <testcase name="stage3_fullyRealTrigBranch(double)[9]" classname="integration.TrigBranchIntegrationTest" time="0.001"/>
  <testcase name="stage3_fullyRealTrigBranch(double)[10]" classname="integration.TrigBranchIntegrationTest" time="0.0"/>
  <testcase name="stage3_fullyRealTrigBranch(double)[11]" classname="integration.TrigBranchIntegrationTest" time="0.001"/>
  <testcase name="stage3_fullyRealTrigBranch(double)[12]" classname="integration.TrigBranchIntegrationTest" time="0.001"/>
  <testcase name="stage3_fullyRealTrigBranch(double)[13]" classname="integration.TrigBranchIntegrationTest" time="0.001"/>
  <testcase name="stage3_fullyRealTrigBranch(double)[14]" classname="integration.TrigBranchIntegrationTest" time="0.001"/>
  <testcase name="stage3_fullyRealTrigBranch(double)[15]" classname="integration.TrigBranchIntegrationTest" time="0.001"/>
  <testcase name="stage3_fullyRealTrigBranch(double)[16]" classname="integration.TrigBranchIntegrationTest" time="0.001"/>
  <testcase name="stage3_fullyRealTrigBranch(double)[17]" classname="integration.TrigBranchIntegrationTest" time="0.031"/>
  <testcase name="stage3_fullyRealTrigBranch(double)[18]" classname="integration.TrigBranchIntegrationTest" time="0.001"/>
  <testcase name="stage3_fullyRealTrigBranch(double)[19]" classname="integration.TrigBranchIntegrationTest" time="0.001"/>
  <testcase name="stage3_fullyRealTrigBranch(double)[20]" classname="integration.TrigBranchIntegrationTest" time="0.001"/>
  <testcase name="stage3_fullyRealTrigBranch(double)[21]" classname="integration.TrigBranchIntegrationTest" time="0.0"/>
  <testcase name="stage3_fullyRealTrigBranch(double)[22]" classname="integration.TrigBranchIntegrationTest" time="0.001"/>
  <testcase name="stage3_fullyRealTrigBranch(double)[23]" classname="integration.TrigBranchIntegrationTest" time="0.008"/>
  <testcase name="stage2_trigBranchAndLevel2AndLevel3Real(double)[1]" classname="integration.TrigBranchIntegrationTest" time="0.001"/>
  <testcase name="stage2_trigBranchAndLevel2AndLevel3Real(double)[2]" classname="integration.TrigBranchIntegrationTest" time="0.001"/>
  <testcase name="stage2_trigBranchAndLevel2AndLevel3Real(double)[3]" classname="integration.TrigBranchIntegrationTest" time="0.001"/>
  <testcase name="stage2_trigBranchAndLevel2AndLevel3Real(double)[4]" classname="integration.TrigBranchIntegrationTest" time="0.0"/>
  <testcase name="stage2_trigBranchAndLevel2AndLevel3Real(double)[5]" classname="integration.TrigBranchIntegrationTest" time="0.001"/>
  <testcase name="stage2_trigBranchAndLevel2AndLevel3Real(double)[6]" classname="integration.TrigBranchIntegrationTest" time="0.001"/>
  <testcase name="stage2_trigBranchAndLevel2AndLevel3Real(double)[7]" classname="integration.TrigBranchIntegrationTest" time="0.001"/>
  <testcase name="stage2_trigBranchAndLevel2AndLevel3Real(double)[8]" classname="integration.TrigBranchIntegrationTest" time="0.001"/>
  <testcase name="stage2_trigBranchAndLevel2AndLevel3Real(double)[9]" classname="integration.TrigBranchIntegrationTest" time="0.001"/>
  <testcase name="stage2_trigBranchAndLevel2AndLevel3Real(double)[10]" classname="integration.TrigBranchIntegrationTest" time="0.001"/>
  <testcase name="stage2_trigBranchAndLevel2AndLevel3Real(double)[11]" classname="integration.TrigBranchIntegrationTest" time="0.0"/>
  <testcase name="stage2_trigBranchAndLevel2AndLevel3Real(double)[12]" classname="integration.TrigBranchIntegrationTest" time="0.0"/>
  <testcase name="stage2_trigBranchAndLevel2AndLevel3Real(double)[13]" classname="integration.TrigBranchIntegrationTest" time="0.0"/>
  <testcase name="stage2_trigBranchAndLevel2AndLevel3Real(double)[14]" classname="integration.TrigBranchIntegrationTest" time="0.0"/>
  <testcase name="stage2_trigBranchAndLevel2AndLevel3Real(double)[15]" classname="integration.TrigBranchIntegrationTest" time="0.001"/>
  <testcase name="stage2_trigBranchAndLevel2AndLevel3Real(double)[16]" classname="integration.TrigBranchIntegrationTest" time="0.001"/>
  <testcase name="stage2_trigBranchAndLevel2AndLevel3Real(double)[17]" classname="integration.TrigBranchIntegrationTest" time="0.001"/>
  <testcase name="stage2_trigBranchAndLevel2AndLevel3Real(double)[18]" classname="integration.TrigBranchIntegrationTest" time="0.001"/>
  <testcase name="stage2_trigBranchAndLevel2AndLevel3Real(double)[19]" classname="integration.TrigBranchIntegrationTest" time="0.0"/>
  <testcase name="stage2_trigBranchAndLevel2AndLevel3Real(double)[20]" classname="integration.TrigBranchIntegrationTest" time="0.0"/>
  <testcase name="stage2_trigBranchAndLevel2AndLevel3Real(double)[21]" classname="integration.TrigBranchIntegrationTest" time="0.001"/>
  <testcase name="stage2_trigBranchAndLevel2AndLevel3Real(double)[22]" classname="integration.TrigBranchIntegrationTest" time="0.0"/>
  <testcase name="stage2_trigBranchAndLevel2AndLevel3Real(double)[23]" classname="integration.TrigBranchIntegrationTest" time="0.0"/>
  <testcase name="stage1_trigBranchAndLevel2Real(double)[1]" classname="integration.TrigBranchIntegrationTest" time="0.001"/>
  <testcase name="stage1_trigBranchAndLevel2Real(double)[2]" classname="integration.TrigBranchIntegrationTest" time="0.002"/>
  <testcase name="stage1_trigBranchAndLevel2Real(double)[3]" classname="integration.TrigBranchIntegrationTest" time="0.002"/>
  <testcase name="stage1_trigBranchAndLevel2Real(double)[4]" classname="integration.TrigBranchIntegrationTest" time="0.001"/>
  <testcase name="stage1_trigBranchAndLevel2Real(double)[5]" classname="integration.TrigBranchIntegrationTest" time="0.002"/>
  <testcase name="stage1_trigBranchAndLevel2Real(double)[6]" classname="integration.TrigBranchIntegrationTest" time="0.002"/>
  <testcase name="stage1_trigBranchAndLevel2Real(double)[7]" classname="integration.TrigBranchIntegrationTest" time="0.002"/>
  <testcase name="stage1_trigBranchAndLevel2Real(double)[8]" classname="integration.TrigBranchIntegrationTest" time="0.002"/>
  <testcase name="stage1_trigBranchAndLevel2Real(double)[9]" classname="integration.TrigBranchIntegrationTest" time="0.002"/>
  <testcase name="stage1_trigBranchAndLevel2Real(double)[10]" classname="integration.TrigBranchIntegrationTest" time="0.001"/>
  <testcase name="stage1_trigBranchAndLevel2Real(double)[11]" classname="integration.TrigBranchIntegrationTest" time="0.001"/>
  <testcase name="stage1_trigBranchAndLevel2Real(double)[12]" classname="integration.TrigBranchIntegrationTest" time="0.001"/>
  <testcase name="stage1_trigBranchAndLevel2Real(double)[13]" classname="integration.TrigBranchIntegrationTest" time="0.001"/>
  <testcase name="stage1_trigBranchAndLevel2Real(double)[14]" classname="integration.TrigBranchIntegrationTest" time="0.001"/>
  <testcase name="stage1_trigBranchAndLevel2Real(double)[15]" classname="integration.TrigBranchIntegrationTest" time="0.001"/>
  <testcase name="stage1_trigBranchAndLevel2Real(double)[16]" classname="integration.TrigBranchIntegrationTest" time="0.001"/>
  <testcase name="stage1_trigBranchAndLevel2Real(double)[17]" classname="integration.TrigBranchIntegrationTest" time="0.001"/>
  <testcase name="stage1_trigBranchAndLevel2Real(double)[18]" classname="integration.TrigBranchIntegrationTest" time="0.001"/>
  <testcase name="stage1_trigBranchAndLevel2Real(double)[19]" classname="integration.TrigBranchIntegrationTest" time="0.001"/>
  <testcase name="stage1_trigBranchAndLevel2Real(double)[20]" classname="integration.TrigBranchIntegrationTest" time="0.001"/>
  <testcase name="stage1_trigBranchAndLevel2Real(double)[21]" classname="integration.TrigBranchIntegrationTest" time="0.001"/>
  <testcase name="stage1_trigBranchAndLevel2Real(double)[22]" classname="integration.TrigBranchIntegrationTest" time="0.001"/>
  <testcase name="stage1_trigBranchAndLevel2Real(double)[23]" classname="integration.TrigBranchIntegrationTest" time="0.001"/>
  <testcase name="stage0_onlyTrigBranchReal(double)[1]" classname="integration.TrigBranchIntegrationTest" time="0.002"/>
  <testcase name="stage0_onlyTrigBranchReal(double)[2]" classname="integration.TrigBranchIntegrationTest" time="0.002"/>
  <testcase name="stage0_onlyTrigBranchReal(double)[3]" classname="integration.TrigBranchIntegrationTest" time="0.002"/>
  <testcase name="stage0_onlyTrigBranchReal(double)[4]" classname="integration.TrigBranchIntegrationTest" time="0.001"/>
  <testcase name="stage0_onlyTrigBranchReal(double)[5]" classname="integration.TrigBranchIntegrationTest" time="0.002"/>
  <testcase name="stage0_onlyTrigBranchReal(double)[6]" classname="integration.TrigBranchIntegrationTest" time="0.003"/>
  <testcase name="stage0_onlyTrigBranchReal(double)[7]" classname="integration.TrigBranchIntegrationTest" time="0.002"/>
  <testcase name="stage0_onlyTrigBranchReal(double)[8]" classname="integration.TrigBranchIntegrationTest" time="0.002"/>
  <testcase name="stage0_onlyTrigBranchReal(double)[9]" classname="integration.TrigBranchIntegrationTest" time="0.001"/>
  <testcase name="stage0_onlyTrigBranchReal(double)[10]" classname="integration.TrigBranchIntegrationTest" time="0.001"/>
  <testcase name="stage0_onlyTrigBranchReal(double)[11]" classname="integration.TrigBranchIntegrationTest" time="0.001"/>
  <testcase name="stage0_onlyTrigBranchReal(double)[12]" classname="integration.TrigBranchIntegrationTest" time="0.001"/>
  <testcase name="stage0_onlyTrigBranchReal(double)[13]" classname="integration.TrigBranchIntegrationTest" time="0.001"/>
  <testcase name="stage0_onlyTrigBranchReal(double)[14]" classname="integration.TrigBranchIntegrationTest" time="0.002"/>
  <testcase name="stage0_onlyTrigBranchReal(double)[15]" classname="integration.TrigBranchIntegrationTest" time="0.001"/>
  <testcase name="stage0_onlyTrigBranchReal(double)[16]" classname="integration.TrigBranchIntegrationTest" time="0.002"/>
  <testcase name="stage0_onlyTrigBranchReal(double)[17]" classname="integration.TrigBranchIntegrationTest" time="0.002"/>
  <testcase name="stage0_onlyTrigBranchReal(double)[18]" classname="integration.TrigBranchIntegrationTest" time="0.001"/>
  <testcase name="stage0_onlyTrigBranchReal(double)[19]" classname="integration.TrigBranchIntegrationTest" time="0.001"/>
  <testcase name="stage0_onlyTrigBranchReal(double)[20]" classname="integration.TrigBranchIntegrationTest" time="0.002"/>
  <testcase name="stage0_onlyTrigBranchReal(double)[21]" classname="integration.TrigBranchIntegrationTest" time="0.001"/>
  <testcase name="stage0_onlyTrigBranchReal(double)[22]" classname="integration.TrigBranchIntegrationTest" time="0.002"/>
  <testcase name="stage0_onlyTrigBranchReal(double)[23]" classname="integration.TrigBranchIntegrationTest" time="0.002"/>
</testsuite>