<?xml version="1.0" encoding="UTF-8"?>
<testsuite xmlns:xsi="http://www.w3.org/2001/XMLSchema-instance" xsi:noNamespaceSchemaLocation="https://maven.apache.org/surefire/maven-surefire-plugin/xsd/surefire-test-report-3.0.xsd" version="3.0" name="trig.TanTest" time="0.009" tests="7" errors="0" skipped="0" failures="0">
  <properties>
[...]
</properties>
  <testcase name="shouldApproximateTanAccurately(double)[1]" classname="trig.TanTest" time="0.001"/>
  <testcase name="shouldApproximateTanAccurately(double)[2]" classname="trig.TanTest" time="0.001"/>
  <testcase name="shouldApproximateTanAccurately(double)[3]" classname="trig.TanTest" time="0.001"/>
  <testcase name="shouldApproximateTanAccurately(double)[4]" classname="trig.TanTest" time="0.0"/>
  <testcase name="shouldApproximateTanAccurately(double)[5]" classname="trig.TanTest" time="0.0"/>
  <testcase name="shouldThrowWhenCosIsZero" classname="trig.TanTest" time="0.001"/>
  <testcase name="shouldReturnNaNForNonFiniteX" classname="trig.TanTest" time="0.001"/>
</testsuite>